/*C2*/SET SCHEMA PUBLIC
DELETE FROM "mendixsystem$version" WHERE "versionnumber"='4.2'
INSERT INTO "mendixsystem$version" VALUES('4.2','2024-10-31 14:48:15.073000','4.3.0','unversioned','Employee_Onboarding_App','10.6.11.39264')
COMMIT
DELETE FROM "mendixsystem$entityidentifier" WHERE "id"='d4154981-8dac-4150-aec5-efa3ef62a7a2'
INSERT INTO "mendixsystem$entityidentifier" VALUES('d4154981-8dac-4150-aec5-efa3ef62a7a2',3,6701)
COMMIT
INSERT INTO "system$xasinstance" VALUES(844424930977020,'bd5b228a-c8c5-408a-a79f-a57a8c2c1e8f','2024-10-31 13:22:32.392000',NULL,NULL,NULL,'2024-10-31 13:22:32.383000')
COMMIT
DELETE FROM "system$userrole" WHERE "id"=9851624184873161
INSERT INTO "system$userrole" VALUES(9851624184873161,'a261f14c-ffb3-4ead-867d-e1cdb061ec97','Trainee','')
DELETE FROM "system$userrole" WHERE "id"=9851624184885914
INSERT INTO "system$userrole" VALUES(9851624184885914,'0551ed6f-7287-4c85-b2a4-7ca960629253','Guest','')
DELETE FROM "system$userrole" WHERE "id"=9851624184873221
INSERT INTO "system$userrole" VALUES(9851624184873221,'84549b5d-e242-41e8-bb01-847ff84dc2c9','Trainer','')
DELETE FROM "system$userrole" WHERE "id"=9851624184873412
INSERT INTO "system$userrole" VALUES(9851624184873412,'cccadddd-18a2-4e85-9bdf-710d9834a434','Admin','')
COMMIT
DELETE FROM "system$user" WHERE "id"=10133099161583863
INSERT INTO "system$user" VALUES(10133099161583863,'demo_administrator','{BCrypt}$2a$12$11U1z/5ze37veY7tMATEX.GgfkMnSfUdJDQZAQY8FDmLUn1djzJ1i','2024-10-10 07:55:14.194000',FALSE,NULL,TRUE,0,FALSE,FALSE,'2024-10-09 20:38:09.022000','2024-10-09 20:38:09.022000','Administration.Account',NULL,10133099161583863)
COMMIT
DELETE FROM "system$user" WHERE "id"=10133099161583935
INSERT INTO "system$user" VALUES(10133099161583935,'demo_user','{BCrypt}$2a$12$NU3gHeP7TZnaG7QdZF6GDuALB7RZt2pj5uifQ5zvBDWF9PYv.ljjK',NULL,FALSE,NULL,TRUE,0,FALSE,FALSE,'2024-10-09 20:38:09.330000','2024-10-09 20:38:09.330000','Administration.Account',NULL,10133099161583935)
COMMIT
DELETE FROM "system$user" WHERE "id"=281474976710787
INSERT INTO "system$user" VALUES(281474976710787,'demo_trainer','{BCrypt}$2a$12$maX1Uwv/wIA13zdpKZvaaupey32jFmk67jdRBKicXYxnNfYQlAOna',NULL,FALSE,NULL,TRUE,0,FALSE,FALSE,'2024-10-09 20:38:09.572000','2024-10-09 20:38:09.572000','System.User',NULL,281474976710787)
COMMIT
DELETE FROM "mendixsystem$properties" WHERE "key"='Mendix.Runtime.DeploymentID'
INSERT INTO "mendixsystem$properties" VALUES('Mendix.Runtime.DeploymentID','638659849267422546')
COMMIT
DELETE FROM "mendixsystem$entityidentifier" WHERE "id"='3d460fe3-2308-474b-8d3a-931ac838776f'
INSERT INTO "mendixsystem$entityidentifier" VALUES('3d460fe3-2308-474b-8d3a-931ac838776f',31,2201)
COMMIT
DELETE FROM "mendixsystem$entityidentifier" WHERE "id"='8eae269c-cd9b-465c-b947-7d36086ec3c1'
INSERT INTO "mendixsystem$entityidentifier" VALUES('8eae269c-cd9b-465c-b947-7d36086ec3c1',38,2201)
COMMIT
DELETE FROM "mendixsystem$entityidentifier" WHERE "id"='ee74f570-cc56-4d70-95a7-05cba57af5e7'
INSERT INTO "mendixsystem$entityidentifier" VALUES('ee74f570-cc56-4d70-95a7-05cba57af5e7',60,2201)
COMMIT
DELETE FROM "mendixsystem$entityidentifier" WHERE "id"='e40c0a89-0dcd-46a5-bc98-4d881d61d1fe'
INSERT INTO "mendixsystem$entityidentifier" VALUES('e40c0a89-0dcd-46a5-bc98-4d881d61d1fe',54,13697)
COMMIT
DELETE FROM "mendixsystem$entityidentifier" WHERE "id"='726a7880-6e76-42fd-926f-c9d16a4e4931'
INSERT INTO "mendixsystem$entityidentifier" VALUES('726a7880-6e76-42fd-926f-c9d16a4e4931',59,13703)
COMMIT
DELETE FROM "mendixsystem$entityidentifier" WHERE "id"='4ccd54e9-2c46-47cf-bcae-48884e301f6f'
INSERT INTO "mendixsystem$entityidentifier" VALUES('4ccd54e9-2c46-47cf-bcae-48884e301f6f',62,13420)
COMMIT
DELETE FROM "mendixsystem$entityidentifier" WHERE "id"='3097b5ad-d592-447d-87f4-649408fd0b31'
INSERT INTO "mendixsystem$entityidentifier" VALUES('3097b5ad-d592-447d-87f4-649408fd0b31',56,14150)
COMMIT
DELETE FROM "mendixsystem$entityidentifier" WHERE "id"='1c6ff895-0053-4610-b08e-f8382f2c79f8'
INSERT INTO "mendixsystem$entityidentifier" VALUES('1c6ff895-0053-4610-b08e-f8382f2c79f8',57,13794)
COMMIT
DELETE FROM "mendixsystem$entityidentifier" WHERE "id"='b11ca849-ccd5-4700-ac51-87e8d3c37f2f'
INSERT INTO "mendixsystem$entityidentifier" VALUES('b11ca849-ccd5-4700-ac51-87e8d3c37f2f',58,13713)
COMMIT
DELETE FROM "mendixsystem$entityidentifier" WHERE "id"='36fed811-960e-4f8f-bdfb-6a24270e65ba'
INSERT INTO "mendixsystem$entityidentifier" VALUES('36fed811-960e-4f8f-bdfb-6a24270e65ba',64,12642)
COMMIT
DELETE FROM "mendixsystem$entityidentifier" WHERE "id"='4ef6319a-ec94-4ab9-bbbb-d22f48aeebb5'
INSERT INTO "mendixsystem$entityidentifier" VALUES('4ef6319a-ec94-4ab9-bbbb-d22f48aeebb5',61,14046)
COMMIT
DELETE FROM "mendixsystem$entityidentifier" WHERE "id"='11b3758f-e4de-4bdb-997e-46887999650a'
INSERT INTO "mendixsystem$entityidentifier" VALUES('11b3758f-e4de-4bdb-997e-46887999650a',63,2101)
COMMIT
DELETE FROM "mendixsystem$entityidentifier" WHERE "id"='36fed811-960e-4f8f-bdfb-6a24270e65ba'
INSERT INTO "mendixsystem$entityidentifier" VALUES('36fed811-960e-4f8f-bdfb-6a24270e65ba',64,12976)
COMMIT
DELETE FROM "mendixsystem$entityidentifier" WHERE "id"='e40c0a89-0dcd-46a5-bc98-4d881d61d1fe'
INSERT INTO "mendixsystem$entityidentifier" VALUES('e40c0a89-0dcd-46a5-bc98-4d881d61d1fe',54,13993)
COMMIT
DELETE FROM "mendixsystem$entityidentifier" WHERE "id"='726a7880-6e76-42fd-926f-c9d16a4e4931'
INSERT INTO "mendixsystem$entityidentifier" VALUES('726a7880-6e76-42fd-926f-c9d16a4e4931',59,14000)
COMMIT
DELETE FROM "mendixsystem$entityidentifier" WHERE "id"='3097b5ad-d592-447d-87f4-649408fd0b31'
INSERT INTO "mendixsystem$entityidentifier" VALUES('3097b5ad-d592-447d-87f4-649408fd0b31',56,14468)
COMMIT
DELETE FROM "mendixsystem$entityidentifier" WHERE "id"='4ccd54e9-2c46-47cf-bcae-48884e301f6f'
INSERT INTO "mendixsystem$entityidentifier" VALUES('4ccd54e9-2c46-47cf-bcae-48884e301f6f',62,13719)
COMMIT
DELETE FROM "mendixsystem$entityidentifier" WHERE "id"='4ef6319a-ec94-4ab9-bbbb-d22f48aeebb5'
INSERT INTO "mendixsystem$entityidentifier" VALUES('4ef6319a-ec94-4ab9-bbbb-d22f48aeebb5',61,14359)
COMMIT
DELETE FROM "mendixsystem$entityidentifier" WHERE "id"='1c6ff895-0053-4610-b08e-f8382f2c79f8'
INSERT INTO "mendixsystem$entityidentifier" VALUES('1c6ff895-0053-4610-b08e-f8382f2c79f8',57,14099)
COMMIT
DELETE FROM "mendixsystem$entityidentifier" WHERE "id"='b11ca849-ccd5-4700-ac51-87e8d3c37f2f'
INSERT INTO "mendixsystem$entityidentifier" VALUES('b11ca849-ccd5-4700-ac51-87e8d3c37f2f',58,14017)
COMMIT
/*C3*/SET SCHEMA PUBLIC
DELETE FROM "mendixsystem$entityidentifier" WHERE "id"='37ce6fa0-c88f-4c4b-bfd0-47526a150840'
INSERT INTO "mendixsystem$entityidentifier" VALUES('37ce6fa0-c88f-4c4b-bfd0-47526a150840',65,5631)
COMMIT
DELETE FROM "mendixsystem$entityidentifier" WHERE "id"='37ce6fa0-c88f-4c4b-bfd0-47526a150840'
INSERT INTO "mendixsystem$entityidentifier" VALUES('37ce6fa0-c88f-4c4b-bfd0-47526a150840',65,5998)
COMMIT
/*C2*/INSERT INTO "usermanagement$country" VALUES(18295873486900632,'South Georgia','monday','GS','\ud83c\uddec\ud83c\uddf8')
INSERT INTO "usermanagement$country" VALUES(18295873486900831,'Grenada','monday','GD','\ud83c\uddec\ud83c\udde9')
INSERT INTO "usermanagement$country" VALUES(18295873486900936,'Switzerland','monday','CH','\ud83c\udde8\ud83c\udded')
INSERT INTO "usermanagement$country" VALUES(18295873486901037,'Sierra Leone','monday','SL','\ud83c\uddf8\ud83c\uddf1')
INSERT INTO "usermanagement$country" VALUES(18295873486901146,'Hungary','monday','HU','\ud83c\udded\ud83c\uddfa')
INSERT INTO "usermanagement$country" VALUES(18295873486901369,'Taiwan','monday','TW','\ud83c\uddf9\ud83c\uddfc')
INSERT INTO "usermanagement$country" VALUES(18295873486901399,'Wallis and Futuna','monday','WF','\ud83c\uddfc\ud83c\uddeb')
INSERT INTO "usermanagement$country" VALUES(18295873486901594,'Barbados','monday','BB','\ud83c\udde7\ud83c\udde7')
INSERT INTO "usermanagement$country" VALUES(18295873486901635,'Pitcairn Islands','monday','PN','\ud83c\uddf5\ud83c\uddf3')
INSERT INTO "usermanagement$country" VALUES(18295873486901796,'Ivory Coast','monday','CI','\ud83c\udde8\ud83c\uddee')
INSERT INTO "usermanagement$country" VALUES(18295873486901994,'Tunisia','monday','TN','\ud83c\uddf9\ud83c\uddf3')
INSERT INTO "usermanagement$country" VALUES(18295873486902096,'Italy','monday','IT','\ud83c\uddee\ud83c\uddf9')
INSERT INTO "usermanagement$country" VALUES(18295873486902246,'Benin','monday','BJ','\ud83c\udde7\ud83c\uddef')
INSERT INTO "usermanagement$country" VALUES(18295873486902391,'Indonesia','monday','ID','\ud83c\uddee\ud83c\udde9')
INSERT INTO "usermanagement$country" VALUES(18295873486902502,'Cape Verde','monday','CV','\ud83c\udde8\ud83c\uddfb')
INSERT INTO "usermanagement$country" VALUES(18295873486902601,'Saint Kitts and Nevis','monday','KN','\ud83c\uddf0\ud83c\uddf3')
INSERT INTO "usermanagement$country" VALUES(18295873486902726,'Laos','monday','LA','\ud83c\uddf1\ud83c\udde6')
INSERT INTO "usermanagement$country" VALUES(18295873486902810,'Caribbean Netherlands','monday','BQ','\ud83c\udde7\ud83c\uddf6')
INSERT INTO "usermanagement$country" VALUES(18295873486902912,'Uganda','monday','UG','\ud83c\uddfa\ud83c\uddec')
INSERT INTO "usermanagement$country" VALUES(18295873486903071,'Andorra','monday','AD','\ud83c\udde6\ud83c\udde9')
INSERT INTO "usermanagement$country" VALUES(18295873486903190,'Burundi','monday','BI','\ud83c\udde7\ud83c\uddee')
INSERT INTO "usermanagement$country" VALUES(18295873486903386,'South Africa','monday','ZA','\ud83c\uddff\ud83c\udde6')
INSERT INTO "usermanagement$country" VALUES(18295873486903489,'France','monday','FR','\ud83c\uddeb\ud83c\uddf7')
INSERT INTO "usermanagement$country" VALUES(18295873486903583,'Libya','sunday','LY','\ud83c\uddf1\ud83c\uddfe')
INSERT INTO "usermanagement$country" VALUES(18295873486903791,'Mexico','monday','MX','\ud83c\uddf2\ud83c\uddfd')
INSERT INTO "usermanagement$country" VALUES(18295873486903910,'Gabon','monday','GA','\ud83c\uddec\ud83c\udde6')
INSERT INTO "usermanagement$country" VALUES(18295873486903954,'Northern Mariana Islands','monday','MP','\ud83c\uddf2\ud83c\uddf5')
INSERT INTO "usermanagement$country" VALUES(18295873486904186,'North Macedonia','monday','MK','\ud83c\uddf2\ud83c\uddf0')
INSERT INTO "usermanagement$country" VALUES(18295873486904228,'China','monday','CN','\ud83c\udde8\ud83c\uddf3')
INSERT INTO "usermanagement$country" VALUES(18295873486904435,'Yemen','sunday','YE','\ud83c\uddfe\ud83c\uddea')
INSERT INTO "usermanagement$country" VALUES(18295873486904480,'Saint Barth\u00e9lemy','monday','BL','\ud83c\udde7\ud83c\uddf1')
INSERT INTO "usermanagement$country" VALUES(18295873486904610,'Guernsey','monday','GG','\ud83c\uddec\ud83c\uddec')
INSERT INTO "usermanagement$country" VALUES(18295873486904818,'Solomon Islands','monday','SB','\ud83c\uddf8\ud83c\udde7')
INSERT INTO "usermanagement$country" VALUES(18295873486904934,'Svalbard and Jan Mayen','monday','SJ','\ud83c\uddf8\ud83c\uddef')
INSERT INTO "usermanagement$country" VALUES(18295873486905076,'Faroe Islands','monday','FO','\ud83c\uddeb\ud83c\uddf4')
INSERT INTO "usermanagement$country" VALUES(18295873486905114,'Uzbekistan','monday','UZ','\ud83c\uddfa\ud83c\uddff')
INSERT INTO "usermanagement$country" VALUES(18295873486905235,'Egypt','sunday','EG','\ud83c\uddea\ud83c\uddec')
INSERT INTO "usermanagement$country" VALUES(18295873486905420,'Senegal','monday','SN','\ud83c\uddf8\ud83c\uddf3')
INSERT INTO "usermanagement$country" VALUES(18295873486905540,'Sri Lanka','monday','LK','\ud83c\uddf1\ud83c\uddf0')
INSERT INTO "usermanagement$country" VALUES(18295873486905609,'Palestine','sunday','PS','\ud83c\uddf5\ud83c\uddf8')
INSERT INTO "usermanagement$country" VALUES(18295873486905779,'Bangladesh','sunday','BD','\ud83c\udde7\ud83c\udde9')
INSERT INTO "usermanagement$country" VALUES(18295873486905902,'Peru','monday','PE','\ud83c\uddf5\ud83c\uddea')
INSERT INTO "usermanagement$country" VALUES(18295873486905993,'Singapore','monday','SG','\ud83c\uddf8\ud83c\uddec')
INSERT INTO "usermanagement$country" VALUES(18295873486906145,'Turkey','monday','TR','\ud83c\uddf9\ud83c\uddf7')
INSERT INTO "usermanagement$country" VALUES(18295873486906310,'Afghanistan','monday','AF','\ud83c\udde6\ud83c\uddeb')
INSERT INTO "usermanagement$country" VALUES(18295873486906424,'Aruba','monday','AW','\ud83c\udde6\ud83c\uddfc')
INSERT INTO "usermanagement$country" VALUES(18295873486906505,'Cook Islands','monday','CK','\ud83c\udde8\ud83c\uddf0')
INSERT INTO "usermanagement$country" VALUES(18295873486906693,'United Kingdom','monday','GB','\ud83c\uddec\ud83c\udde7')
INSERT INTO "usermanagement$country" VALUES(18295873486906810,'Zambia','monday','ZM','\ud83c\uddff\ud83c\uddf2')
INSERT INTO "usermanagement$country" VALUES(18295873486906921,'Finland','monday','FI','\ud83c\uddeb\ud83c\uddee')
INSERT INTO "usermanagement$country" VALUES(18295873486907027,'Niger','monday','NE','\ud83c\uddf3\ud83c\uddea')
INSERT INTO "usermanagement$country" VALUES(18295873486907246,'Christmas Island','monday','CX','\ud83c\udde8\ud83c\uddfd')
INSERT INTO "usermanagement$country" VALUES(18295873486907316,'Tokelau','monday','TK','\ud83c\uddf9\ud83c\uddf0')
INSERT INTO "usermanagement$country" VALUES(18295873486907404,'Guinea-Bissau','monday','GW','\ud83c\uddec\ud83c\uddfc')
INSERT INTO "usermanagement$country" VALUES(18295873486907608,'Azerbaijan','monday','AZ','\ud83c\udde6\ud83c\uddff')
INSERT INTO "usermanagement$country" VALUES(18295873486907666,'R\u00e9union','monday','RE','\ud83c\uddf7\ud83c\uddea')
INSERT INTO "usermanagement$country" VALUES(18295873486907885,'Djibouti','monday','DJ','\ud83c\udde9\ud83c\uddef')
INSERT INTO "usermanagement$country" VALUES(18295873486907920,'North Korea','monday','KP','\ud83c\uddf0\ud83c\uddf5')
INSERT INTO "usermanagement$country" VALUES(18295873486908149,'Mauritius','monday','MU','\ud83c\uddf2\ud83c\uddfa')
INSERT INTO "usermanagement$country" VALUES(18295873486908255,'Montserrat','monday','MS','\ud83c\uddf2\ud83c\uddf8')
INSERT INTO "usermanagement$country" VALUES(18295873486908324,'United States Virgin Islands','monday','VI','\ud83c\uddfb\ud83c\uddee')
INSERT INTO "usermanagement$country" VALUES(18295873486908472,'Colombia','monday','CO','\ud83c\udde8\ud83c\uddf4')
INSERT INTO "usermanagement$country" VALUES(18295873486908570,'Greece','monday','GR','\ud83c\uddec\ud83c\uddf7')
INSERT INTO "usermanagement$country" VALUES(18295873486908754,'Croatia','monday','HR','\ud83c\udded\ud83c\uddf7')
INSERT INTO "usermanagement$country" VALUES(18295873486908802,'Morocco','monday','MA','\ud83c\uddf2\ud83c\udde6')
INSERT INTO "usermanagement$country" VALUES(18295873486909028,'Algeria','sunday','DZ','\ud83c\udde9\ud83c\uddff')
INSERT INTO "usermanagement$country" VALUES(18295873486909154,'Antarctica','monday','AQ','\ud83c\udde6\ud83c\uddf6')
INSERT INTO "usermanagement$country" VALUES(18295873486909303,'Netherlands','monday','NL','\ud83c\uddf3\ud83c\uddf1')
INSERT INTO "usermanagement$country" VALUES(18295873486909367,'Sudan','monday','SD','\ud83c\uddf8\ud83c\udde9')
INSERT INTO "usermanagement$country" VALUES(18295873486909545,'Fiji','monday','FJ','\ud83c\uddeb\ud83c\uddef')
INSERT INTO "usermanagement$country" VALUES(18295873486909572,'Liechtenstein','monday','LI','\ud83c\uddf1\ud83c\uddee')
INSERT INTO "usermanagement$country" VALUES(18295873486909698,'Nepal','sunday','NP','\ud83c\uddf3\ud83c\uddf5')
INSERT INTO "usermanagement$country" VALUES(18295873486909846,'Puerto Rico','monday','PR','\ud83c\uddf5\ud83c\uddf7')
INSERT INTO "usermanagement$country" VALUES(18295873486909976,'Georgia','monday','GE','\ud83c\uddec\ud83c\uddea')
INSERT INTO "usermanagement$country" VALUES(18295873486910095,'Pakistan','monday','PK','\ud83c\uddf5\ud83c\uddf0')
INSERT INTO "usermanagement$country" VALUES(18295873486910331,'Monaco','monday','MC','\ud83c\uddf2\ud83c\udde8')
INSERT INTO "usermanagement$country" VALUES(18295873486910427,'Botswana','monday','BW','\ud83c\udde7\ud83c\uddfc')
INSERT INTO "usermanagement$country" VALUES(18295873486910475,'Lebanon','monday','LB','\ud83c\uddf1\ud83c\udde7')
INSERT INTO "usermanagement$country" VALUES(18295873486910654,'Papua New Guinea','monday','PG','\ud83c\uddf5\ud83c\uddec')
INSERT INTO "usermanagement$country" VALUES(18295873486910828,'Mayotte','monday','YT','\ud83c\uddfe\ud83c\uddf9')
INSERT INTO "usermanagement$country" VALUES(18295873486910876,'Dominican Republic','monday','DO','\ud83c\udde9\ud83c\uddf4')
INSERT INTO "usermanagement$country" VALUES(18295873486911091,'Norfolk Island','monday','NF','\ud83c\uddf3\ud83c\uddeb')
INSERT INTO "usermanagement$country" VALUES(18295873486911208,'Bouvet Island','monday','BV','\ud83c\udde7\ud83c\uddfb')
INSERT INTO "usermanagement$country" VALUES(18295873486911314,'Qatar','sunday','QA','\ud83c\uddf6\ud83c\udde6')
INSERT INTO "usermanagement$country" VALUES(18295873486911391,'Madagascar','monday','MG','\ud83c\uddf2\ud83c\uddec')
INSERT INTO "usermanagement$country" VALUES(18295873486911503,'India','monday','IN','\ud83c\uddee\ud83c\uddf3')
INSERT INTO "usermanagement$country" VALUES(18295873486911727,'Syria','monday','SY','\ud83c\uddf8\ud83c\uddfe')
INSERT INTO "usermanagement$country" VALUES(18295873486911862,'Montenegro','monday','ME','\ud83c\uddf2\ud83c\uddea')
INSERT INTO "usermanagement$country" VALUES(18295873486911875,'Eswatini','monday','SZ','\ud83c\uddf8\ud83c\uddff')
INSERT INTO "usermanagement$country" VALUES(18295873486912088,'Paraguay','monday','PY','\ud83c\uddf5\ud83c\uddfe')
INSERT INTO "usermanagement$country" VALUES(18295873486912159,'El Salvador','monday','SV','\ud83c\uddf8\ud83c\uddfb')
INSERT INTO "usermanagement$country" VALUES(18295873486912272,'Ukraine','monday','UA','\ud83c\uddfa\ud83c\udde6')
INSERT INTO "usermanagement$country" VALUES(18295873486912396,'Isle of Man','monday','IM','\ud83c\uddee\ud83c\uddf2')
INSERT INTO "usermanagement$country" VALUES(18295873486912556,'Namibia','monday','NA','\ud83c\uddf3\ud83c\udde6')
INSERT INTO "usermanagement$country" VALUES(18295873486912713,'United Arab Emirates','sunday','AE','\ud83c\udde6\ud83c\uddea')
INSERT INTO "usermanagement$country" VALUES(18295873486912785,'Bulgaria','monday','BG','\ud83c\udde7\ud83c\uddec')
INSERT INTO "usermanagement$country" VALUES(18295873486912964,'Greenland','monday','GL','\ud83c\uddec\ud83c\uddf1')
INSERT INTO "usermanagement$country" VALUES(18295873486913036,'Germany','monday','DE','\ud83c\udde9\ud83c\uddea')
INSERT INTO "usermanagement$country" VALUES(18295873486913188,'Cambodia','monday','KH','\ud83c\uddf0\ud83c\udded')
INSERT INTO "usermanagement$country" VALUES(18295873486913284,'Iraq','sunday','IQ','\ud83c\uddee\ud83c\uddf6')
INSERT INTO "usermanagement$country" VALUES(18295873486913529,'French Southern and Antarctic Lands','monday','TF','\ud83c\uddf9\ud83c\uddeb')
INSERT INTO "usermanagement$country" VALUES(18295873486913543,'Sweden','monday','SE','\ud83c\uddf8\ud83c\uddea')
INSERT INTO "usermanagement$country" VALUES(18295873486913742,'Cuba','monday','CU','\ud83c\udde8\ud83c\uddfa')
INSERT INTO "usermanagement$country" VALUES(18295873486913864,'Kyrgyzstan','monday','KG','\ud83c\uddf0\ud83c\uddec')
INSERT INTO "usermanagement$country" VALUES(18295873486913970,'Russia','monday','RU','\ud83c\uddf7\ud83c\uddfa')
INSERT INTO "usermanagement$country" VALUES(18295873486914129,'Malaysia','sunday','MY','\ud83c\uddf2\ud83c\uddfe')
INSERT INTO "usermanagement$country" VALUES(18295873486914254,'S\u00e3o Tom\u00e9 and Pr\u00edncipe','monday','ST','\ud83c\uddf8\ud83c\uddf9')
INSERT INTO "usermanagement$country" VALUES(18295873486914402,'Cyprus','monday','CY','\ud83c\udde8\ud83c\uddfe')
INSERT INTO "usermanagement$country" VALUES(18295873486914479,'Canada','sunday','CA','\ud83c\udde8\ud83c\udde6')
INSERT INTO "usermanagement$country" VALUES(18295873486914570,'Malawi','monday','MW','\ud83c\uddf2\ud83c\uddfc')
INSERT INTO "usermanagement$country" VALUES(18295873486914735,'Saudi Arabia','sunday','SA','\ud83c\uddf8\ud83c\udde6')
INSERT INTO "usermanagement$country" VALUES(18295873486914883,'Bosnia and Herzegovina','monday','BA','\ud83c\udde7\ud83c\udde6')
INSERT INTO "usermanagement$country" VALUES(18295873486914977,'Ethiopia','monday','ET','\ud83c\uddea\ud83c\uddf9')
INSERT INTO "usermanagement$country" VALUES(18295873486915154,'Spain','monday','ES','\ud83c\uddea\ud83c\uddf8')
INSERT INTO "usermanagement$country" VALUES(18295873486915210,'Slovenia','monday','SI','\ud83c\uddf8\ud83c\uddee')
INSERT INTO "usermanagement$country" VALUES(18295873486915336,'Oman','sunday','OM','\ud83c\uddf4\ud83c\uddf2')
INSERT INTO "usermanagement$country" VALUES(18295873486915574,'Saint Pierre and Miquelon','monday','PM','\ud83c\uddf5\ud83c\uddf2')
INSERT INTO "usermanagement$country" VALUES(18295873486915710,'Macau','monday','MO','\ud83c\uddf2\ud83c\uddf4')
INSERT INTO "usermanagement$country" VALUES(18295873486915827,'San Marino','monday','SM','\ud83c\uddf8\ud83c\uddf2')
INSERT INTO "usermanagement$country" VALUES(18295873486915935,'Lesotho','monday','LS','\ud83c\uddf1\ud83c\uddf8')
INSERT INTO "usermanagement$country" VALUES(18295873486915977,'Marshall Islands','monday','MH','\ud83c\uddf2\ud83c\udded')
INSERT INTO "usermanagement$country" VALUES(18295873486916106,'Sint Maarten','monday','SX','\ud83c\uddf8\ud83c\uddfd')
INSERT INTO "usermanagement$country" VALUES(18295873486916271,'Iceland','monday','IS','\ud83c\uddee\ud83c\uddf8')
INSERT INTO "usermanagement$country" VALUES(18295873486916406,'Luxembourg','monday','LU','\ud83c\uddf1\ud83c\uddfa')
INSERT INTO "usermanagement$country" VALUES(18295873486916607,'Argentina','monday','AR','\ud83c\udde6\ud83c\uddf7')
INSERT INTO "usermanagement$country" VALUES(18295873486916620,'Turks and Caicos Islands','monday','TC','\ud83c\uddf9\ud83c\udde8')
INSERT INTO "usermanagement$country" VALUES(18295873486916810,'Nauru','monday','NR','\ud83c\uddf3\ud83c\uddf7')
INSERT INTO "usermanagement$country" VALUES(18295873486916908,'Cocos (Keeling) Islands','monday','CC','\ud83c\udde8\ud83c\udde8')
INSERT INTO "usermanagement$country" VALUES(18295873486917096,'Western Sahara','monday','EH','\ud83c\uddea\ud83c\udded')
INSERT INTO "usermanagement$country" VALUES(18295873486917234,'Dominica','monday','DM','\ud83c\udde9\ud83c\uddf2')
INSERT INTO "usermanagement$country" VALUES(18295873486917282,'Costa Rica','monday','CR','\ud83c\udde8\ud83c\uddf7')
INSERT INTO "usermanagement$country" VALUES(18295873486917480,'Australia','monday','AU','\ud83c\udde6\ud83c\uddfa')
INSERT INTO "usermanagement$country" VALUES(18295873486917534,'Thailand','monday','TH','\ud83c\uddf9\ud83c\udded')
INSERT INTO "usermanagement$country" VALUES(18295873486917632,'Haiti','monday','HT','\ud83c\udded\ud83c\uddf9')
INSERT INTO "usermanagement$country" VALUES(18295873486917800,'Tuvalu','monday','TV','\ud83c\uddf9\ud83c\uddfb')
INSERT INTO "usermanagement$country" VALUES(18295873486917935,'Honduras','monday','HN','\ud83c\udded\ud83c\uddf3')
INSERT INTO "usermanagement$country" VALUES(18295873486918045,'Equatorial Guinea','monday','GQ','\ud83c\uddec\ud83c\uddf6')
INSERT INTO "usermanagement$country" VALUES(18295873486918153,'Saint Lucia','monday','LC','\ud83c\uddf1\ud83c\udde8')
INSERT INTO "usermanagement$country" VALUES(18295873486918385,'French Polynesia','monday','PF','\ud83c\uddf5\ud83c\uddeb')
INSERT INTO "usermanagement$country" VALUES(18295873486918405,'Belarus','monday','BY','\ud83c\udde7\ud83c\uddfe')
INSERT INTO "usermanagement$country" VALUES(18295873486918631,'Latvia','monday','LV','\ud83c\uddf1\ud83c\uddfb')
INSERT INTO "usermanagement$country" VALUES(18295873486918700,'Palau','monday','PW','\ud83c\uddf5\ud83c\uddfc')
INSERT INTO "usermanagement$country" VALUES(18295873486918856,'Guadeloupe','monday','GP','\ud83c\uddec\ud83c\uddf5')
INSERT INTO "usermanagement$country" VALUES(18295873486919002,'Philippines','monday','PH','\ud83c\uddf5\ud83c\udded')
INSERT INTO "usermanagement$country" VALUES(18295873486919045,'Gibraltar','monday','GI','\ud83c\uddec\ud83c\uddee')
INSERT INTO "usermanagement$country" VALUES(18295873486919183,'Denmark','monday','DK','\ud83c\udde9\ud83c\uddf0')
INSERT INTO "usermanagement$country" VALUES(18295873486919302,'Cameroon','monday','CM','\ud83c\udde8\ud83c\uddf2')
INSERT INTO "usermanagement$country" VALUES(18295873486919433,'Guinea','monday','GN','\ud83c\uddec\ud83c\uddf3')
INSERT INTO "usermanagement$country" VALUES(18295873486919590,'Bahrain','monday','BH','\ud83c\udde7\ud83c\udded')
INSERT INTO "usermanagement$country" VALUES(18295873486919721,'Suriname','monday','SR','\ud83c\uddf8\ud83c\uddf7')
INSERT INTO "usermanagement$country" VALUES(18295873486919920,'DR Congo','monday','CD','\ud83c\udde8\ud83c\udde9')
INSERT INTO "usermanagement$country" VALUES(18295873486919974,'Somalia','monday','SO','\ud83c\uddf8\ud83c\uddf4')
INSERT INTO "usermanagement$country" VALUES(18295873486920126,'Czechia','monday','CZ','\ud83c\udde8\ud83c\uddff')
INSERT INTO "usermanagement$country" VALUES(18295873486920219,'New Caledonia','monday','NC','\ud83c\uddf3\ud83c\udde8')
INSERT INTO "usermanagement$country" VALUES(18295873486920394,'Vanuatu','monday','VU','\ud83c\uddfb\ud83c\uddfa')
INSERT INTO "usermanagement$country" VALUES(18295873486920548,'Saint Helena, Ascension and Tristan da Cunha','monday','SH','\ud83c\uddf8\ud83c\udded')
INSERT INTO "usermanagement$country" VALUES(18295873486920677,'Togo','monday','TG','\ud83c\uddf9\ud83c\uddec')
INSERT INTO "usermanagement$country" VALUES(18295873486920813,'British Virgin Islands','monday','VG','\ud83c\uddfb\ud83c\uddec')
INSERT INTO "usermanagement$country" VALUES(18295873486920934,'Kenya','monday','KE','\ud83c\uddf0\ud83c\uddea')
INSERT INTO "usermanagement$country" VALUES(18295873486920993,'Niue','monday','NU','\ud83c\uddf3\ud83c\uddfa')
INSERT INTO "usermanagement$country" VALUES(18295873486921193,'Heard Island and McDonald Islands','monday','HM','\ud83c\udded\ud83c\uddf2')
INSERT INTO "usermanagement$country" VALUES(18295873486921279,'Rwanda','monday','RW','\ud83c\uddf7\ud83c\uddfc')
INSERT INTO "usermanagement$country" VALUES(18295873486921425,'Estonia','monday','EE','\ud83c\uddea\ud83c\uddea')
INSERT INTO "usermanagement$country" VALUES(18295873486921555,'Romania','monday','RO','\ud83c\uddf7\ud83c\uddf4')
INSERT INTO "usermanagement$country" VALUES(18295873486921704,'Trinidad and Tobago','monday','TT','\ud83c\uddf9\ud83c\uddf9')
INSERT INTO "usermanagement$country" VALUES(18295873486921824,'Guyana','monday','GY','\ud83c\uddec\ud83c\uddfe')
INSERT INTO "usermanagement$country" VALUES(18295873486921856,'Timor-Leste','monday','TL','\ud83c\uddf9\ud83c\uddf1')
INSERT INTO "usermanagement$country" VALUES(18295873486922101,'Vietnam','monday','VN','\ud83c\uddfb\ud83c\uddf3')
INSERT INTO "usermanagement$country" VALUES(18295873486922113,'Uruguay','monday','UY','\ud83c\uddfa\ud83c\uddfe')
INSERT INTO "usermanagement$country" VALUES(18295873486922364,'Vatican City','monday','VA','\ud83c\uddfb\ud83c\udde6')
INSERT INTO "usermanagement$country" VALUES(18295873486922382,'Hong Kong','monday','HK','\ud83c\udded\ud83c\uddf0')
INSERT INTO "usermanagement$country" VALUES(18295873486922620,'Austria','monday','AT','\ud83c\udde6\ud83c\uddf9')
INSERT INTO "usermanagement$country" VALUES(18295873486922727,'Antigua and Barbuda','monday','AG','\ud83c\udde6\ud83c\uddec')
INSERT INTO "usermanagement$country" VALUES(18295873486922772,'Turkmenistan','monday','TM','\ud83c\uddf9\ud83c\uddf2')
INSERT INTO "usermanagement$country" VALUES(18295873486922961,'Mozambique','monday','MZ','\ud83c\uddf2\ud83c\uddff')
INSERT INTO "usermanagement$country" VALUES(18295873486923123,'Panama','monday','PA','\ud83c\uddf5\ud83c\udde6')
INSERT INTO "usermanagement$country" VALUES(18295873486923222,'Micronesia','monday','FM','\ud83c\uddeb\ud83c\uddf2')
INSERT INTO "usermanagement$country" VALUES(18295873486923271,'Ireland','monday','IE','\ud83c\uddee\ud83c\uddea')
INSERT INTO "usermanagement$country" VALUES(18295873486923426,'Cura\u00e7ao','monday','CW','\ud83c\udde8\ud83c\uddfc')
INSERT INTO "usermanagement$country" VALUES(18295873486923535,'French Guiana','monday','GF','\ud83c\uddec\ud83c\uddeb')
INSERT INTO "usermanagement$country" VALUES(18295873486923680,'Norway','monday','NO','\ud83c\uddf3\ud83c\uddf4')
INSERT INTO "usermanagement$country" VALUES(18295873486923866,'\u00c5land Islands','monday','AX','\ud83c\udde6\ud83c\uddfd')
INSERT INTO "usermanagement$country" VALUES(18295873486924011,'Central African Republic','monday','CF','\ud83c\udde8\ud83c\uddeb')
INSERT INTO "usermanagement$country" VALUES(18295873486924055,'Burkina Faso','monday','BF','\ud83c\udde7\ud83c\uddeb')
INSERT INTO "usermanagement$country" VALUES(18295873486924198,'Eritrea','monday','ER','\ud83c\uddea\ud83c\uddf7')
INSERT INTO "usermanagement$country" VALUES(18295873486924295,'Tanzania','monday','TZ','\ud83c\uddf9\ud83c\uddff')
INSERT INTO "usermanagement$country" VALUES(18295873486924470,'South Korea','monday','KR','\ud83c\uddf0\ud83c\uddf7')
INSERT INTO "usermanagement$country" VALUES(18295873486924636,'Jordan','sunday','JO','\ud83c\uddef\ud83c\uddf4')
INSERT INTO "usermanagement$country" VALUES(18295873486924745,'Mauritania','monday','MR','\ud83c\uddf2\ud83c\uddf7')
INSERT INTO "usermanagement$country" VALUES(18295873486924927,'Lithuania','monday','LT','\ud83c\uddf1\ud83c\uddf9')
INSERT INTO "usermanagement$country" VALUES(18295873486925055,'United States Minor Outlying Islands','monday','UM','\ud83c\uddfa\ud83c\uddf2')
INSERT INTO "usermanagement$country" VALUES(18295873486925088,'Slovakia','monday','SK','\ud83c\uddf8\ud83c\uddf0')
INSERT INTO "usermanagement$country" VALUES(18295873486925241,'Angola','monday','AO','\ud83c\udde6\ud83c\uddf4')
INSERT INTO "usermanagement$country" VALUES(18295873486925370,'Kazakhstan','monday','KZ','\ud83c\uddf0\ud83c\uddff')
INSERT INTO "usermanagement$country" VALUES(18295873486925565,'Moldova','monday','MD','\ud83c\uddf2\ud83c\udde9')
INSERT INTO "usermanagement$country" VALUES(18295873486925620,'Mali','monday','ML','\ud83c\uddf2\ud83c\uddf1')
INSERT INTO "usermanagement$country" VALUES(18295873486925797,'Falkland Islands','monday','FK','\ud83c\uddeb\ud83c\uddf0')
INSERT INTO "usermanagement$country" VALUES(18295873486925864,'Armenia','monday','AM','\ud83c\udde6\ud83c\uddf2')
INSERT INTO "usermanagement$country" VALUES(18295873486925998,'Samoa','monday','WS','\ud83c\uddfc\ud83c\uddf8')
INSERT INTO "usermanagement$country" VALUES(18295873486926126,'Jersey','monday','JE','\ud83c\uddef\ud83c\uddea')
INSERT INTO "usermanagement$country" VALUES(18295873486926318,'Japan','monday','JP','\ud83c\uddef\ud83c\uddf5')
INSERT INTO "usermanagement$country" VALUES(18295873486926456,'Bolivia','monday','BO','\ud83c\udde7\ud83c\uddf4')
INSERT INTO "usermanagement$country" VALUES(18295873486926572,'Chile','monday','CL','\ud83c\udde8\ud83c\uddf1')
INSERT INTO "usermanagement$country" VALUES(18295873486926657,'United States','sunday','US','\ud83c\uddfa\ud83c\uddf8')
INSERT INTO "usermanagement$country" VALUES(18295873486926742,'Saint Vincent and the Grenadines','monday','VC','\ud83c\uddfb\ud83c\udde8')
INSERT INTO "usermanagement$country" VALUES(18295873486926878,'Bermuda','monday','BM','\ud83c\udde7\ud83c\uddf2')
INSERT INTO "usermanagement$country" VALUES(18295873486927066,'Seychelles','monday','SC','\ud83c\uddf8\ud83c\udde8')
INSERT INTO "usermanagement$country" VALUES(18295873486927198,'British Indian Ocean Territory','monday','IO','\ud83c\uddee\ud83c\uddf4')
INSERT INTO "usermanagement$country" VALUES(18295873486927235,'Guatemala','monday','GT','\ud83c\uddec\ud83c\uddf9')
INSERT INTO "usermanagement$country" VALUES(18295873486927378,'Ecuador','monday','EC','\ud83c\uddea\ud83c\udde8')
INSERT INTO "usermanagement$country" VALUES(18295873486927593,'Martinique','monday','MQ','\ud83c\uddf2\ud83c\uddf6')
INSERT INTO "usermanagement$country" VALUES(18295873486927660,'Tajikistan','monday','TJ','\ud83c\uddf9\ud83c\uddef')
INSERT INTO "usermanagement$country" VALUES(18295873486927795,'Malta','monday','MT','\ud83c\uddf2\ud83c\uddf9')
INSERT INTO "usermanagement$country" VALUES(18295873486927912,'Gambia','monday','GM','\ud83c\uddec\ud83c\uddf2')
INSERT INTO "usermanagement$country" VALUES(18295873486928044,'Nigeria','monday','NG','\ud83c\uddf3\ud83c\uddec')
INSERT INTO "usermanagement$country" VALUES(18295873486928254,'Bahamas','monday','BS','\ud83c\udde7\ud83c\uddf8')
INSERT INTO "usermanagement$country" VALUES(18295873486928291,'Kosovo','monday','XK','\ud83c\uddfd\ud83c\uddf0')
INSERT INTO "usermanagement$country" VALUES(18295873486928391,'Kuwait','sunday','KW','\ud83c\uddf0\ud83c\uddfc')
INSERT INTO "usermanagement$country" VALUES(18295873486928598,'Maldives','sunday','MV','\ud83c\uddf2\ud83c\uddfb')
INSERT INTO "usermanagement$country" VALUES(18295873486928734,'South Sudan','sunday','SS','\ud83c\uddf8\ud83c\uddf8')
INSERT INTO "usermanagement$country" VALUES(18295873486928887,'Iran','saturday','IR','\ud83c\uddee\ud83c\uddf7')
INSERT INTO "usermanagement$country" VALUES(18295873486929023,'Albania','monday','AL','\ud83c\udde6\ud83c\uddf1')
INSERT INTO "usermanagement$country" VALUES(18295873486929129,'Brazil','monday','BR','\ud83c\udde7\ud83c\uddf7')
INSERT INTO "usermanagement$country" VALUES(18295873486929187,'Serbia','monday','RS','\ud83c\uddf7\ud83c\uddf8')
INSERT INTO "usermanagement$country" VALUES(18295873486929370,'Belize','monday','BZ','\ud83c\udde7\ud83c\uddff')
INSERT INTO "usermanagement$country" VALUES(18295873486929447,'Myanmar','monday','MM','\ud83c\uddf2\ud83c\uddf2')
INSERT INTO "usermanagement$country" VALUES(18295873486929582,'Bhutan','monday','BT','\ud83c\udde7\ud83c\uddf9')
INSERT INTO "usermanagement$country" VALUES(18295873486929723,'Venezuela','monday','VE','\ud83c\uddfb\ud83c\uddea')
INSERT INTO "usermanagement$country" VALUES(18295873486929838,'Liberia','monday','LR','\ud83c\uddf1\ud83c\uddf7')
INSERT INTO "usermanagement$country" VALUES(18295873486929938,'Jamaica','monday','JM','\ud83c\uddef\ud83c\uddf2')
INSERT INTO "usermanagement$country" VALUES(18295873486930156,'Poland','monday','PL','\ud83c\uddf5\ud83c\uddf1')
INSERT INTO "usermanagement$country" VALUES(18295873486930195,'Cayman Islands','monday','KY','\ud83c\uddf0\ud83c\uddfe')
INSERT INTO "usermanagement$country" VALUES(18295873486930331,'Brunei','monday','BN','\ud83c\udde7\ud83c\uddf3')
INSERT INTO "usermanagement$country" VALUES(18295873486930542,'Comoros','monday','KM','\ud83c\uddf0\ud83c\uddf2')
INSERT INTO "usermanagement$country" VALUES(18295873486930639,'Guam','monday','GU','\ud83c\uddec\ud83c\uddfa')
INSERT INTO "usermanagement$country" VALUES(18295873486930759,'Tonga','monday','TO','\ud83c\uddf9\ud83c\uddf4')
INSERT INTO "usermanagement$country" VALUES(18295873486930925,'Kiribati','monday','KI','\ud83c\uddf0\ud83c\uddee')
INSERT INTO "usermanagement$country" VALUES(18295873486931048,'Ghana','monday','GH','\ud83c\uddec\ud83c\udded')
INSERT INTO "usermanagement$country" VALUES(18295873486931123,'Chad','monday','TD','\ud83c\uddf9\ud83c\udde9')
INSERT INTO "usermanagement$country" VALUES(18295873486931205,'Zimbabwe','monday','ZW','\ud83c\uddff\ud83c\uddfc')
INSERT INTO "usermanagement$country" VALUES(18295873486931349,'Saint Martin','monday','MF','\ud83c\uddf2\ud83c\uddeb')
INSERT INTO "usermanagement$country" VALUES(18295873486931500,'Mongolia','monday','MN','\ud83c\uddf2\ud83c\uddf3')
INSERT INTO "usermanagement$country" VALUES(18295873486931702,'Portugal','monday','PT','\ud83c\uddf5\ud83c\uddf9')
INSERT INTO "usermanagement$country" VALUES(18295873486931818,'American Samoa','monday','AS','\ud83c\udde6\ud83c\uddf8')
INSERT INTO "usermanagement$country" VALUES(18295873486931914,'Republic of the Congo','monday','CG','\ud83c\udde8\ud83c\uddec')
INSERT INTO "usermanagement$country" VALUES(18295873486932014,'Belgium','monday','BE','\ud83c\udde7\ud83c\uddea')
INSERT INTO "usermanagement$country" VALUES(18295873486932190,'Israel','sunday','IL','\ud83c\uddee\ud83c\uddf1')
INSERT INTO "usermanagement$country" VALUES(18295873486932250,'New Zealand','monday','NZ','\ud83c\uddf3\ud83c\uddff')
INSERT INTO "usermanagement$country" VALUES(18295873486932436,'Nicaragua','monday','NI','\ud83c\uddf3\ud83c\uddee')
INSERT INTO "usermanagement$country" VALUES(18295873486932554,'Anguilla','monday','AI','\ud83c\udde6\ud83c\uddee')
COMMIT
DELETE FROM "mendixsystem$entityidentifier" WHERE "id"='c6c131c8-8779-4213-9b26-a64e141f26a8'
INSERT INTO "mendixsystem$entityidentifier" VALUES('c6c131c8-8779-4213-9b26-a64e141f26a8',17,20632)
COMMIT
ALTER SEQUENCE PUBLIC."system$queuedtask_sequence_mxseq" RESTART WITH 14047
INSERT INTO "system$queuedtask" VALUES(4785074606709364,14046,'Idle','59651013-f9bc-4fc1-b435-276439b07899','System.ScheduledEventsQueue','System',NULL,NULL,'ClusterManagement-PopulateFileDocumentSizes','[]',NULL,NULL,'2024-10-31 13:22:36.912000','2024-10-31 13:22:41.889000',NULL,0,'{"interval":3600000,"triesLeft":12,"type":"fixed"}',NULL,NULL)
COMMIT
DELETE FROM "system$queuedtask" WHERE "id"=4785074606705122
INSERT INTO "system$queuedtask" VALUES(4785074606705122,14043,'Idle','59651013-f9bc-4fc1-b435-276439b07899','System.ScheduledEventsQueue','ScheduledEvent',NULL,NULL,'ClusterManagement-CleanupScheduledEvents','[]',NULL,NULL,'2024-10-31 13:21:34.430000','2024-10-31 13:25:37.949000',NULL,0,NULL,'ClusterManagement-CleanupScheduledEvents',NULL)
DELETE FROM "system$queuedtask" WHERE "id"=4785074606704500
INSERT INTO "system$queuedtask" VALUES(4785074606704500,14039,'Idle','59651013-f9bc-4fc1-b435-276439b07899','System.ScheduledEventsQueue','ScheduledEvent',NULL,NULL,'ClusterManagement-CleanupOfflineGUIDs','[]',NULL,NULL,'2024-10-31 13:21:34.407000','2024-10-31 13:22:37.950000',NULL,0,NULL,'ClusterManagement-CleanupOfflineGUIDs',NULL)
DELETE FROM "system$queuedtask" WHERE "id"=4785074606703885
INSERT INTO "system$queuedtask" VALUES(4785074606703885,14035,'Idle','59651013-f9bc-4fc1-b435-276439b07899','System.ScheduledEventsQueue','ScheduledEvent',NULL,NULL,'ClusterManagement-CleanupOfflineSyncHistory','[]',NULL,NULL,'2024-10-31 13:21:34.374000','2024-10-31 13:22:37.949000',NULL,0,NULL,'ClusterManagement-CleanupOfflineSyncHistory',NULL)
DELETE FROM "system$queuedtask" WHERE "id"=4785074606704960
INSERT INTO "system$queuedtask" VALUES(4785074606704960,14044,'Idle','59651013-f9bc-4fc1-b435-276439b07899','System.ScheduledEventsQueue','ScheduledEvent',NULL,NULL,'ClusterManagement-MigrateOldFiles','[]',NULL,NULL,'2024-10-31 13:21:34.430000','2024-10-31 13:23:37.949000',NULL,0,NULL,'ClusterManagement-MigrateOldFiles',NULL)
DELETE FROM "system$queuedtask" WHERE "id"=4785074606704697
INSERT INTO "system$queuedtask" VALUES(4785074606704697,14041,'Idle','59651013-f9bc-4fc1-b435-276439b07899','System.ScheduledEventsQueue','ScheduledEvent',NULL,NULL,'ClusterManagement-CleanupOrphanedFiles','[]',NULL,NULL,'2024-10-31 13:21:34.412000','2024-10-31 13:24:37.949000',NULL,0,NULL,'ClusterManagement-CleanupOrphanedFiles',NULL)
DELETE FROM "system$queuedtask" WHERE "id"=4785074606704527
INSERT INTO "system$queuedtask" VALUES(4785074606704527,14040,'Idle','59651013-f9bc-4fc1-b435-276439b07899','System.ScheduledEventsQueue','ScheduledEvent',NULL,NULL,'ClusterManagement-CleanupSessions','[]',NULL,NULL,'2024-10-31 13:21:34.408000','2024-10-31 13:22:37.949000',NULL,0,NULL,'ClusterManagement-CleanupSessions',NULL)
DELETE FROM "system$queuedtask" WHERE "id"=4785074606704314
INSERT INTO "system$queuedtask" VALUES(4785074606704314,14038,'Idle','59651013-f9bc-4fc1-b435-276439b07899','System.ScheduledEventsQueue','ScheduledEvent',NULL,NULL,'ClusterManagement-UnblockUsers','[]',NULL,NULL,'2024-10-31 13:21:34.385000','2024-10-31 13:22:41.950000',NULL,0,NULL,'ClusterManagement-UnblockUsers',NULL)
DELETE FROM "system$queuedtask" WHERE "id"=4785074606705270
INSERT INTO "system$queuedtask" VALUES(4785074606705270,14045,'Idle','59651013-f9bc-4fc1-b435-276439b07899','System.ScheduledEventsQueue','ScheduledEvent',NULL,NULL,'ClusterManagement-CleanupTmpDocuments','[]',NULL,NULL,'2024-10-31 13:21:34.446000','2024-10-31 13:22:37.949000',NULL,0,NULL,'ClusterManagement-CleanupTmpDocuments',NULL)
DELETE FROM "system$queuedtask" WHERE "id"=4785074606704181
INSERT INTO "system$queuedtask" VALUES(4785074606704181,14037,'Idle','59651013-f9bc-4fc1-b435-276439b07899','System.ScheduledEventsQueue','ScheduledEvent',NULL,NULL,'ClusterManagement-CleanupBackgroundJobs','[]',NULL,NULL,'2024-10-31 13:21:34.377000','2024-10-31 13:22:37.949000',NULL,0,NULL,'ClusterManagement-CleanupBackgroundJobs',NULL)
DELETE FROM "system$queuedtask" WHERE "id"=4785074606704853
INSERT INTO "system$queuedtask" VALUES(4785074606704853,14042,'Idle','59651013-f9bc-4fc1-b435-276439b07899','System.ScheduledEventsQueue','ScheduledEvent',NULL,NULL,'ClusterManagement-CleanupProcessedTasks','[]',NULL,NULL,'2024-10-31 13:21:34.418000','2024-10-31 13:26:37.946000',NULL,0,NULL,'ClusterManagement-CleanupProcessedTasks',NULL)
COMMIT
/*C4*/SET SCHEMA PUBLIC
DELETE FROM "system$user" WHERE "id"=281474976710984
INSERT INTO "system$user" VALUES(281474976710984,'MxAdmin','{BCrypt}$2a$12$bw3PNkklpasWoMAppBNfKukdV6wODlyP5UBwaizy7QSnThZPvEUR.','2024-10-31 12:26:22.509000',FALSE,NULL,TRUE,0,FALSE,FALSE,'2024-10-09 20:38:10.387000','2024-10-09 20:38:10.387000','System.User',NULL,281474976710984)
COMMIT
DELETE FROM "system$xasinstance" WHERE "id"=844424930977020
INSERT INTO "system$xasinstance" VALUES(844424930977020,'bd5b228a-c8c5-408a-a79f-a57a8c2c1e8f','2024-10-31 13:22:37.864000',NULL,NULL,NULL,'2024-10-31 13:22:32.383000')
COMMIT
DELETE FROM "system$queuedtask" WHERE "id"=4785074606703885
DELETE FROM "system$queuedtask" WHERE "id"=4785074606704181
DELETE FROM "system$queuedtask" WHERE "id"=4785074606704500
DELETE FROM "system$queuedtask" WHERE "id"=4785074606704527
DELETE FROM "system$queuedtask" WHERE "id"=4785074606705270
INSERT INTO "system$queuedtask" VALUES(4785074606703885,14035,'Running','59651013-f9bc-4fc1-b435-276439b07899','System.ScheduledEventsQueue','ScheduledEvent',NULL,NULL,'ClusterManagement-CleanupOfflineSyncHistory','[]','bd5b228a-c8c5-408a-a79f-a57a8c2c1e8f',55,'2024-10-31 13:21:34.374000','2024-10-31 13:22:37.949000','2024-10-31 13:22:38.386000',0,NULL,'ClusterManagement-CleanupOfflineSyncHistory',NULL)
INSERT INTO "system$queuedtask" VALUES(4785074606704181,14037,'Running','59651013-f9bc-4fc1-b435-276439b07899','System.ScheduledEventsQueue','ScheduledEvent',NULL,NULL,'ClusterManagement-CleanupBackgroundJobs','[]','bd5b228a-c8c5-408a-a79f-a57a8c2c1e8f',55,'2024-10-31 13:21:34.377000','2024-10-31 13:22:37.949000','2024-10-31 13:22:38.389000',0,NULL,'ClusterManagement-CleanupBackgroundJobs',NULL)
INSERT INTO "system$queuedtask" VALUES(4785074606704500,14039,'Running','59651013-f9bc-4fc1-b435-276439b07899','System.ScheduledEventsQueue','ScheduledEvent',NULL,NULL,'ClusterManagement-CleanupOfflineGUIDs','[]','bd5b228a-c8c5-408a-a79f-a57a8c2c1e8f',55,'2024-10-31 13:21:34.407000','2024-10-31 13:22:37.950000','2024-10-31 13:22:38.390000',0,NULL,'ClusterManagement-CleanupOfflineGUIDs',NULL)
INSERT INTO "system$queuedtask" VALUES(4785074606704527,14040,'Running','59651013-f9bc-4fc1-b435-276439b07899','System.ScheduledEventsQueue','ScheduledEvent',NULL,NULL,'ClusterManagement-CleanupSessions','[]','bd5b228a-c8c5-408a-a79f-a57a8c2c1e8f',55,'2024-10-31 13:21:34.408000','2024-10-31 13:22:37.949000','2024-10-31 13:22:38.391000',0,NULL,'ClusterManagement-CleanupSessions',NULL)
INSERT INTO "system$queuedtask" VALUES(4785074606705270,14045,'Running','59651013-f9bc-4fc1-b435-276439b07899','System.ScheduledEventsQueue','ScheduledEvent',NULL,NULL,'ClusterManagement-CleanupTmpDocuments','[]','bd5b228a-c8c5-408a-a79f-a57a8c2c1e8f',55,'2024-10-31 13:21:34.446000','2024-10-31 13:22:37.949000','2024-10-31 13:22:38.392000',0,NULL,'ClusterManagement-CleanupTmpDocuments',NULL)
COMMIT
/*C2*/ALTER SEQUENCE PUBLIC."system$queuedtask_sequence_mxseq" RESTART WITH 14051
/*C4*/ALTER SEQUENCE PUBLIC."system$queuedtask_sequence_mxseq" RESTART WITH 14051
/*C3*/ALTER SEQUENCE PUBLIC."system$queuedtask_sequence_mxseq" RESTART WITH 14051
/*C5*/SET SCHEMA PUBLIC
ALTER SEQUENCE PUBLIC."system$queuedtask_sequence_mxseq" RESTART WITH 14051
/*C6*/SET SCHEMA PUBLIC
DELETE FROM "mendixsystem$entityidentifier" WHERE "id"='eb5c32a1-85ec-49d1-8bca-ecca779cd539'
INSERT INTO "mendixsystem$entityidentifier" VALUES('eb5c32a1-85ec-49d1-8bca-ecca779cd539',45,20594)
COMMIT
ALTER SEQUENCE PUBLIC."system$queuedtask_sequence_mxseq" RESTART WITH 14052
/*C4*/INSERT INTO "system$queuedtask" VALUES(4785074606709681,14047,'Idle','59651013-f9bc-4fc1-b435-276439b07899','System.ScheduledEventsQueue','ScheduledEvent',NULL,NULL,'ClusterManagement-CleanupOfflineGUIDs','[]',NULL,NULL,'2024-10-31 13:22:38.430000','2024-10-31 13:27:37.950000',NULL,0,NULL,'ClusterManagement-CleanupOfflineGUIDs',NULL)
INSERT INTO "system$processedqueuetask" VALUES(12666373954602852,14039,'Completed','59651013-f9bc-4fc1-b435-276439b07899','System.ScheduledEventsQueue','ScheduledEvent',NULL,NULL,'ClusterManagement-CleanupOfflineGUIDs','[]','bd5b228a-c8c5-408a-a79f-a57a8c2c1e8f',55,'2024-10-31 13:21:34.407000','2024-10-31 13:22:37.950000','2024-10-31 13:22:38.390000','2024-10-31 13:22:38.443000',53,0,NULL,'ClusterManagement-CleanupOfflineGUIDs',NULL)
DELETE FROM "system$queuedtask" WHERE "id"=4785074606704500
COMMIT
/*C5*/INSERT INTO "system$queuedtask" VALUES(4785074606709424,14049,'Idle','59651013-f9bc-4fc1-b435-276439b07899','System.ScheduledEventsQueue','ScheduledEvent',NULL,NULL,'ClusterManagement-CleanupTmpDocuments','[]',NULL,NULL,'2024-10-31 13:22:38.430000','2024-10-31 13:27:37.949000',NULL,0,NULL,'ClusterManagement-CleanupTmpDocuments',NULL)
INSERT INTO "system$processedqueuetask" VALUES(12666373954603133,14045,'Completed','59651013-f9bc-4fc1-b435-276439b07899','System.ScheduledEventsQueue','ScheduledEvent',NULL,NULL,'ClusterManagement-CleanupTmpDocuments','[]','bd5b228a-c8c5-408a-a79f-a57a8c2c1e8f',55,'2024-10-31 13:21:34.446000','2024-10-31 13:22:37.949000','2024-10-31 13:22:38.392000','2024-10-31 13:22:38.443000',51,0,NULL,'ClusterManagement-CleanupTmpDocuments',NULL)
DELETE FROM "system$queuedtask" WHERE "id"=4785074606705270
COMMIT
/*C2*/INSERT INTO "system$queuedtask" VALUES(4785074606709548,14050,'Idle','59651013-f9bc-4fc1-b435-276439b07899','System.ScheduledEventsQueue','ScheduledEvent',NULL,NULL,'ClusterManagement-CleanupBackgroundJobs','[]',NULL,NULL,'2024-10-31 13:22:38.430000','2024-10-31 13:27:37.949000',NULL,0,NULL,'ClusterManagement-CleanupBackgroundJobs',NULL)
INSERT INTO "system$processedqueuetask" VALUES(12666373954603005,14037,'Completed','59651013-f9bc-4fc1-b435-276439b07899','System.ScheduledEventsQueue','ScheduledEvent',NULL,NULL,'ClusterManagement-CleanupBackgroundJobs','[]','bd5b228a-c8c5-408a-a79f-a57a8c2c1e8f',55,'2024-10-31 13:21:34.377000','2024-10-31 13:22:37.949000','2024-10-31 13:22:38.389000','2024-10-31 13:22:38.443000',54,0,NULL,'ClusterManagement-CleanupBackgroundJobs',NULL)
DELETE FROM "system$queuedtask" WHERE "id"=4785074606704181
COMMIT
/*C6*/INSERT INTO "system$queuedtask" VALUES(4785074606709974,14051,'Idle','59651013-f9bc-4fc1-b435-276439b07899','System.ScheduledEventsQueue','ScheduledEvent',NULL,NULL,'ClusterManagement-CleanupSessions','[]',NULL,NULL,'2024-10-31 13:22:38.470000','2024-10-31 13:27:37.949000',NULL,0,NULL,'ClusterManagement-CleanupSessions',NULL)
INSERT INTO "system$processedqueuetask" VALUES(12666373954603282,14040,'Completed','59651013-f9bc-4fc1-b435-276439b07899','System.ScheduledEventsQueue','ScheduledEvent',NULL,NULL,'ClusterManagement-CleanupSessions','[]','bd5b228a-c8c5-408a-a79f-a57a8c2c1e8f',55,'2024-10-31 13:21:34.408000','2024-10-31 13:22:37.949000','2024-10-31 13:22:38.391000','2024-10-31 13:22:38.472000',81,0,NULL,'ClusterManagement-CleanupSessions',NULL)
DELETE FROM "system$queuedtask" WHERE "id"=4785074606704527
COMMIT
/*C3*/INSERT INTO "system$queuedtask" VALUES(4785074606709789,14048,'Idle','59651013-f9bc-4fc1-b435-276439b07899','System.ScheduledEventsQueue','ScheduledEvent',NULL,NULL,'ClusterManagement-CleanupOfflineSyncHistory','[]',NULL,NULL,'2024-10-31 13:22:38.430000','2024-10-31 13:27:37.949000',NULL,0,NULL,'ClusterManagement-CleanupOfflineSyncHistory',NULL)
INSERT INTO "system$processedqueuetask" VALUES(12666373954603137,14035,'Completed','59651013-f9bc-4fc1-b435-276439b07899','System.ScheduledEventsQueue','ScheduledEvent',NULL,NULL,'ClusterManagement-CleanupOfflineSyncHistory','[]','bd5b228a-c8c5-408a-a79f-a57a8c2c1e8f',55,'2024-10-31 13:21:34.374000','2024-10-31 13:22:37.949000','2024-10-31 13:22:38.386000','2024-10-31 13:22:38.443000',57,0,NULL,'ClusterManagement-CleanupOfflineSyncHistory',NULL)
DELETE FROM "system$queuedtask" WHERE "id"=4785074606703885
COMMIT
/*C2*/DELETE FROM "system$queuedtask" WHERE "id"=4785074606704314
DELETE FROM "system$queuedtask" WHERE "id"=4785074606709364
INSERT INTO "system$queuedtask" VALUES(4785074606704314,14038,'Running','59651013-f9bc-4fc1-b435-276439b07899','System.ScheduledEventsQueue','ScheduledEvent',NULL,NULL,'ClusterManagement-UnblockUsers','[]','bd5b228a-c8c5-408a-a79f-a57a8c2c1e8f',55,'2024-10-31 13:21:34.385000','2024-10-31 13:22:41.950000','2024-10-31 13:22:42.533000',0,NULL,'ClusterManagement-UnblockUsers',NULL)
INSERT INTO "system$queuedtask" VALUES(4785074606709364,14046,'Running','59651013-f9bc-4fc1-b435-276439b07899','System.ScheduledEventsQueue','System',NULL,NULL,'ClusterManagement-PopulateFileDocumentSizes','[]','bd5b228a-c8c5-408a-a79f-a57a8c2c1e8f',55,'2024-10-31 13:22:36.912000','2024-10-31 13:22:41.889000','2024-10-31 13:22:42.535000',0,'{"interval":3600000,"triesLeft":12,"type":"fixed"}',NULL,NULL)
COMMIT
ALTER SEQUENCE PUBLIC."system$queuedtask_sequence_mxseq" RESTART WITH 14053
/*C3*/INSERT INTO "system$queuedtask" VALUES(4785074606710016,14052,'Idle','59651013-f9bc-4fc1-b435-276439b07899','System.ScheduledEventsQueue','ScheduledEvent',NULL,NULL,'ClusterManagement-UnblockUsers','[]',NULL,NULL,'2024-10-31 13:22:42.554000','2024-10-31 13:27:41.950000',NULL,0,NULL,'ClusterManagement-UnblockUsers',NULL)
INSERT INTO "system$processedqueuetask" VALUES(12666373954603431,14038,'Completed','59651013-f9bc-4fc1-b435-276439b07899','System.ScheduledEventsQueue','ScheduledEvent',NULL,NULL,'ClusterManagement-UnblockUsers','[]','bd5b228a-c8c5-408a-a79f-a57a8c2c1e8f',55,'2024-10-31 13:21:34.385000','2024-10-31 13:22:41.950000','2024-10-31 13:22:42.533000','2024-10-31 13:22:42.558000',25,0,NULL,'ClusterManagement-UnblockUsers',NULL)
DELETE FROM "system$queuedtask" WHERE "id"=4785074606704314
COMMIT
/*C2*/INSERT INTO "system$processedqueuetask" VALUES(12666373954603624,14046,'Completed','59651013-f9bc-4fc1-b435-276439b07899','System.ScheduledEventsQueue','System',NULL,NULL,'ClusterManagement-PopulateFileDocumentSizes','[]','bd5b228a-c8c5-408a-a79f-a57a8c2c1e8f',55,'2024-10-31 13:22:36.912000','2024-10-31 13:22:41.889000','2024-10-31 13:22:42.535000','2024-10-31 13:22:42.559000',24,0,NULL,NULL,NULL)
DELETE FROM "system$queuedtask" WHERE "id"=4785074606709364
COMMIT
