/*C2*/SET SCHEMA PUBLIC
ALTER TABLE "myfirstmodule$trainingevent" ADD "totalnumberofregistrations" INT NULL
DELETE FROM "myfirstmodule$trainingevent" WHERE "id"=14918173765664998
DELETE FROM "myfirstmodule$trainingevent" WHERE "id"=14918173765665098
DELETE FROM "myfirstmodule$trainingevent" WHERE "id"=14918173765690654
DELETE FROM "myfirstmodule$trainingevent" WHERE "id"=14918173765703441
DELETE FROM "myfirstmodule$trainingevent" WHERE "id"=14918173765716570
DELETE FROM "myfirstmodule$trainingevent" WHERE "id"=14918173765716636
INSERT INTO "myfirstmodule$trainingevent" VALUES(14918173765664998,'2023-11-07 22:00:00.000000','2023-11-12 22:00:00.000000',0)
INSERT INTO "myfirstmodule$trainingevent" VALUES(14918173765665098,'2023-11-14 22:00:00.000000','2023-11-19 22:00:00.000000',0)
INSERT INTO "myfirstmodule$trainingevent" VALUES(14918173765690654,'2023-11-19 22:00:00.000000','2023-12-02 22:00:00.000000',0)
INSERT INTO "myfirstmodule$trainingevent" VALUES(14918173765703441,'2023-11-05 22:00:00.000000','2023-11-07 22:00:00.000000',0)
INSERT INTO "myfirstmodule$trainingevent" VALUES(14918173765716570,'2023-10-31 22:00:00.000000','2023-11-14 22:00:00.000000',0)
INSERT INTO "myfirstmodule$trainingevent" VALUES(14918173765716636,'2023-10-31 22:00:00.000000','2023-11-13 22:00:00.000000',0)
INSERT INTO "mendixsystem$attribute" VALUES('07babdcc-948b-43fa-94e7-9aa2838d7d0e','dfcabae0-cbdd-4f4d-8030-2deabe3ac6c2','TotalNumberOfRegistrations','totalnumberofregistrations',3,0,'0',FALSE)
DELETE FROM "mendixsystem$version" WHERE "versionnumber"='4.2'
INSERT INTO "mendixsystem$version" VALUES('4.2','2023-11-15 11:31:00.006000','4.1.0','unversioned','LearnNow Training Management','9.24.4.11007')
COMMIT
DELETE FROM "mendixsystem$version" WHERE "versionnumber"='4.2'
INSERT INTO "mendixsystem$version" VALUES('4.2','2023-11-15 11:31:00.006000','4.1.0','unversioned','LearnNow Training Management','9.24.4.11007')
COMMIT
DELETE FROM "mendixsystem$entityidentifier" WHERE "id"='d4154981-8dac-4150-aec5-efa3ef62a7a2'
INSERT INTO "mendixsystem$entityidentifier" VALUES('d4154981-8dac-4150-aec5-efa3ef62a7a2',3,1301)
COMMIT
INSERT INTO "system$xasinstance" VALUES(844424930285779,'a49d3bd8-016c-4214-adc4-a7ca5afcbd08','2023-11-15 09:31:00.703000',NULL,NULL,NULL,'2023-11-15 09:31:00.693000')
COMMIT
DELETE FROM "system$userrole" WHERE "id"=9570149208162459
INSERT INTO "system$userrole" VALUES(9570149208162459,'8dd52bfa-6d7e-453b-b506-303c0a3d9567','Administrator','')
DELETE FROM "system$userrole" WHERE "id"=9570149208162639
INSERT INTO "system$userrole" VALUES(9570149208162639,'53f5d6fa-6da9-4a71-b011-454ec052cce8','User','')
COMMIT
DELETE FROM "mendixsystem$properties" WHERE "key"='Mendix.Runtime.DeploymentID'
INSERT INTO "mendixsystem$properties" VALUES('Mendix.Runtime.DeploymentID','638356446364331791')
COMMIT
DELETE FROM "system$session" WHERE "id"=6192449487762656
DELETE FROM "system$session_user" WHERE "system$sessionid"=6192449487762656 AND "system$userid"=281474976838901
COMMIT
DELETE FROM "mendixsystem$entityidentifier" WHERE "id"='c6c131c8-8779-4213-9b26-a64e141f26a8'
INSERT INTO "mendixsystem$entityidentifier" VALUES('c6c131c8-8779-4213-9b26-a64e141f26a8',14,2701)
COMMIT
ALTER SEQUENCE PUBLIC."system$queuedtask_sequence_mxseq" RESTART WITH 1839
INSERT INTO "system$queuedtask" VALUES(3940649674282232,1838,'Idle','59651013-f9bc-4fc1-b435-276439b07899','System.ScheduledEventsQueue','System',NULL,NULL,'ClusterManagement-PopulateFileDocumentSizes','[]',NULL,NULL,'2023-11-15 09:31:01.465000','2023-11-15 09:31:06.447000',NULL,0,'{"interval":3600000,"triesLeft":12,"type":"fixed"}',NULL,NULL)
COMMIT
DELETE FROM "system$queuedtask" WHERE "id"=3940649674274097
INSERT INTO "system$queuedtask" VALUES(3940649674274097,1834,'Idle','59651013-f9bc-4fc1-b435-276439b07899','System.ScheduledEventsQueue','ScheduledEvent',NULL,NULL,'ClusterManagement-CleanupSessions','[]',NULL,NULL,'2023-11-14 22:54:17.806000','2023-11-15 09:31:02.492000',NULL,0,NULL,'ClusterManagement-CleanupSessions',NULL)
DELETE FROM "system$queuedtask" WHERE "id"=3940649674273880
INSERT INTO "system$queuedtask" VALUES(3940649674273880,1832,'Idle','59651013-f9bc-4fc1-b435-276439b07899','System.ScheduledEventsQueue','ScheduledEvent',NULL,NULL,'ClusterManagement-CleanupOfflineSyncHistory','[]',NULL,NULL,'2023-11-14 22:54:17.805000','2023-11-15 09:31:02.493000',NULL,0,NULL,'ClusterManagement-CleanupOfflineSyncHistory',NULL)
DELETE FROM "system$queuedtask" WHERE "id"=3940649674274474
INSERT INTO "system$queuedtask" VALUES(3940649674274474,1837,'Idle','59651013-f9bc-4fc1-b435-276439b07899','System.ScheduledEventsQueue','ScheduledEvent',NULL,NULL,'ClusterManagement-CleanupOrphanedFiles','[]',NULL,NULL,'2023-11-14 22:57:37.750000','2023-11-15 09:34:22.493000',NULL,0,NULL,'ClusterManagement-CleanupOrphanedFiles',NULL)
DELETE FROM "system$queuedtask" WHERE "id"=3940649674273645
INSERT INTO "system$queuedtask" VALUES(3940649674273645,1831,'Idle','59651013-f9bc-4fc1-b435-276439b07899','System.ScheduledEventsQueue','ScheduledEvent',NULL,NULL,'ClusterManagement-CleanupTmpDocuments','[]',NULL,NULL,'2023-11-14 22:54:17.805000','2023-11-15 09:31:02.492000',NULL,0,NULL,'ClusterManagement-CleanupTmpDocuments',NULL)
DELETE FROM "system$queuedtask" WHERE "id"=3940649674274215
INSERT INTO "system$queuedtask" VALUES(3940649674274215,1835,'Idle','59651013-f9bc-4fc1-b435-276439b07899','System.ScheduledEventsQueue','ScheduledEvent',NULL,NULL,'ClusterManagement-UnblockUsers','[]',NULL,NULL,'2023-11-14 22:54:21.851000','2023-11-15 09:31:06.493000',NULL,0,NULL,'ClusterManagement-UnblockUsers',NULL)
DELETE FROM "system$queuedtask" WHERE "id"=3940649674273675
INSERT INTO "system$queuedtask" VALUES(3940649674273675,1833,'Idle','59651013-f9bc-4fc1-b435-276439b07899','System.ScheduledEventsQueue','ScheduledEvent',NULL,NULL,'ClusterManagement-CleanupBackgroundJobs','[]',NULL,NULL,'2023-11-14 22:54:17.805000','2023-11-15 09:31:02.492000',NULL,0,NULL,'ClusterManagement-CleanupBackgroundJobs',NULL)
DELETE FROM "system$queuedtask" WHERE "id"=3940649674273964
INSERT INTO "system$queuedtask" VALUES(3940649674273964,1830,'Idle','59651013-f9bc-4fc1-b435-276439b07899','System.ScheduledEventsQueue','ScheduledEvent',NULL,NULL,'ClusterManagement-CleanupOfflineGUIDs','[]',NULL,NULL,'2023-11-14 22:54:17.805000','2023-11-15 09:31:02.493000',NULL,0,NULL,'ClusterManagement-CleanupOfflineGUIDs',NULL)
DELETE FROM "system$queuedtask" WHERE "id"=3940649674274349
INSERT INTO "system$queuedtask" VALUES(3940649674274349,1836,'Idle','59651013-f9bc-4fc1-b435-276439b07899','System.ScheduledEventsQueue','ScheduledEvent',NULL,NULL,'ClusterManagement-MigrateOldFiles','[]',NULL,NULL,'2023-11-14 22:55:57.800000','2023-11-15 09:32:42.493000',NULL,0,NULL,'ClusterManagement-MigrateOldFiles',NULL)
COMMIT
DELETE FROM "system$xasinstance" WHERE "id"=844424930285779
INSERT INTO "system$xasinstance" VALUES(844424930285779,'a49d3bd8-016c-4214-adc4-a7ca5afcbd08','2023-11-15 09:31:02.434000',NULL,NULL,NULL,'2023-11-15 09:31:00.693000')
COMMIT
DELETE FROM "system$queuedtask" WHERE "id"=3940649674273964
DELETE FROM "system$queuedtask" WHERE "id"=3940649674273645
DELETE FROM "system$queuedtask" WHERE "id"=3940649674273880
DELETE FROM "system$queuedtask" WHERE "id"=3940649674273675
DELETE FROM "system$queuedtask" WHERE "id"=3940649674274097
INSERT INTO "system$queuedtask" VALUES(3940649674273964,1830,'Running','59651013-f9bc-4fc1-b435-276439b07899','System.ScheduledEventsQueue','ScheduledEvent',NULL,NULL,'ClusterManagement-CleanupOfflineGUIDs','[]','a49d3bd8-016c-4214-adc4-a7ca5afcbd08',46,'2023-11-14 22:54:17.805000','2023-11-15 09:31:02.493000','2023-11-15 09:31:03.541000',0,NULL,'ClusterManagement-CleanupOfflineGUIDs',NULL)
INSERT INTO "system$queuedtask" VALUES(3940649674273645,1831,'Running','59651013-f9bc-4fc1-b435-276439b07899','System.ScheduledEventsQueue','ScheduledEvent',NULL,NULL,'ClusterManagement-CleanupTmpDocuments','[]','a49d3bd8-016c-4214-adc4-a7ca5afcbd08',46,'2023-11-14 22:54:17.805000','2023-11-15 09:31:02.492000','2023-11-15 09:31:03.544000',0,NULL,'ClusterManagement-CleanupTmpDocuments',NULL)
INSERT INTO "system$queuedtask" VALUES(3940649674273880,1832,'Running','59651013-f9bc-4fc1-b435-276439b07899','System.ScheduledEventsQueue','ScheduledEvent',NULL,NULL,'ClusterManagement-CleanupOfflineSyncHistory','[]','a49d3bd8-016c-4214-adc4-a7ca5afcbd08',46,'2023-11-14 22:54:17.805000','2023-11-15 09:31:02.493000','2023-11-15 09:31:03.545000',0,NULL,'ClusterManagement-CleanupOfflineSyncHistory',NULL)
INSERT INTO "system$queuedtask" VALUES(3940649674273675,1833,'Running','59651013-f9bc-4fc1-b435-276439b07899','System.ScheduledEventsQueue','ScheduledEvent',NULL,NULL,'ClusterManagement-CleanupBackgroundJobs','[]','a49d3bd8-016c-4214-adc4-a7ca5afcbd08',46,'2023-11-14 22:54:17.805000','2023-11-15 09:31:02.492000','2023-11-15 09:31:03.546000',0,NULL,'ClusterManagement-CleanupBackgroundJobs',NULL)
INSERT INTO "system$queuedtask" VALUES(3940649674274097,1834,'Running','59651013-f9bc-4fc1-b435-276439b07899','System.ScheduledEventsQueue','ScheduledEvent',NULL,NULL,'ClusterManagement-CleanupSessions','[]','a49d3bd8-016c-4214-adc4-a7ca5afcbd08',46,'2023-11-14 22:54:17.806000','2023-11-15 09:31:02.492000','2023-11-15 09:31:03.548000',0,NULL,'ClusterManagement-CleanupSessions',NULL)
COMMIT
/*C3*/SET SCHEMA PUBLIC
ALTER SEQUENCE PUBLIC."system$queuedtask_sequence_mxseq" RESTART WITH 1842
/*C4*/SET SCHEMA PUBLIC
ALTER SEQUENCE PUBLIC."system$queuedtask_sequence_mxseq" RESTART WITH 1842
/*C2*/ALTER SEQUENCE PUBLIC."system$queuedtask_sequence_mxseq" RESTART WITH 1842
/*C5*/SET SCHEMA PUBLIC
DELETE FROM "mendixsystem$entityidentifier" WHERE "id"='eb5c32a1-85ec-49d1-8bca-ecca779cd539'
INSERT INTO "mendixsystem$entityidentifier" VALUES('eb5c32a1-85ec-49d1-8bca-ecca779cd539',47,2712)
COMMIT
/*C6*/SET SCHEMA PUBLIC
ALTER SEQUENCE PUBLIC."system$queuedtask_sequence_mxseq" RESTART WITH 1843
/*C5*/ALTER SEQUENCE PUBLIC."system$queuedtask_sequence_mxseq" RESTART WITH 1844
/*C3*/INSERT INTO "system$queuedtask" VALUES(3940649674282254,1841,'Idle','59651013-f9bc-4fc1-b435-276439b07899','System.ScheduledEventsQueue','ScheduledEvent',NULL,NULL,'ClusterManagement-CleanupOfflineGUIDs','[]',NULL,NULL,'2023-11-15 09:31:03.600000','2023-11-15 09:36:02.493000',NULL,0,NULL,'ClusterManagement-CleanupOfflineGUIDs',NULL)
INSERT INTO "system$processedqueuetask" VALUES(13229323905735486,1830,'Completed','59651013-f9bc-4fc1-b435-276439b07899','System.ScheduledEventsQueue','ScheduledEvent',NULL,NULL,'ClusterManagement-CleanupOfflineGUIDs','[]','a49d3bd8-016c-4214-adc4-a7ca5afcbd08',46,'2023-11-14 22:54:17.805000','2023-11-15 09:31:02.493000','2023-11-15 09:31:03.541000','2023-11-15 09:31:03.622000',81,0,NULL,'ClusterManagement-CleanupOfflineGUIDs',NULL)
DELETE FROM "system$queuedtask" WHERE "id"=3940649674273964
COMMIT
/*C6*/INSERT INTO "system$queuedtask" VALUES(3940649674282674,1842,'Idle','59651013-f9bc-4fc1-b435-276439b07899','System.ScheduledEventsQueue','ScheduledEvent',NULL,NULL,'ClusterManagement-CleanupTmpDocuments','[]',NULL,NULL,'2023-11-15 09:31:03.617000','2023-11-15 09:36:02.492000',NULL,0,NULL,'ClusterManagement-CleanupTmpDocuments',NULL)
INSERT INTO "system$processedqueuetask" VALUES(13229323905735675,1831,'Completed','59651013-f9bc-4fc1-b435-276439b07899','System.ScheduledEventsQueue','ScheduledEvent',NULL,NULL,'ClusterManagement-CleanupTmpDocuments','[]','a49d3bd8-016c-4214-adc4-a7ca5afcbd08',46,'2023-11-14 22:54:17.805000','2023-11-15 09:31:02.492000','2023-11-15 09:31:03.544000','2023-11-15 09:31:03.622000',78,0,NULL,'ClusterManagement-CleanupTmpDocuments',NULL)
DELETE FROM "system$queuedtask" WHERE "id"=3940649674273645
COMMIT
/*C5*/INSERT INTO "system$queuedtask" VALUES(3940649674282777,1843,'Idle','59651013-f9bc-4fc1-b435-276439b07899','System.ScheduledEventsQueue','ScheduledEvent',NULL,NULL,'ClusterManagement-CleanupSessions','[]',NULL,NULL,'2023-11-15 09:31:03.620000','2023-11-15 09:36:02.492000',NULL,0,NULL,'ClusterManagement-CleanupSessions',NULL)
INSERT INTO "system$processedqueuetask" VALUES(13229323905735766,1834,'Completed','59651013-f9bc-4fc1-b435-276439b07899','System.ScheduledEventsQueue','ScheduledEvent',NULL,NULL,'ClusterManagement-CleanupSessions','[]','a49d3bd8-016c-4214-adc4-a7ca5afcbd08',46,'2023-11-14 22:54:17.806000','2023-11-15 09:31:02.492000','2023-11-15 09:31:03.548000','2023-11-15 09:31:03.623000',75,0,NULL,'ClusterManagement-CleanupSessions',NULL)
DELETE FROM "system$queuedtask" WHERE "id"=3940649674274097
COMMIT
/*C2*/INSERT INTO "system$queuedtask" VALUES(3940649674282557,1840,'Idle','59651013-f9bc-4fc1-b435-276439b07899','System.ScheduledEventsQueue','ScheduledEvent',NULL,NULL,'ClusterManagement-CleanupBackgroundJobs','[]',NULL,NULL,'2023-11-15 09:31:03.600000','2023-11-15 09:36:02.492000',NULL,0,NULL,'ClusterManagement-CleanupBackgroundJobs',NULL)
INSERT INTO "system$processedqueuetask" VALUES(13229323905735421,1833,'Completed','59651013-f9bc-4fc1-b435-276439b07899','System.ScheduledEventsQueue','ScheduledEvent',NULL,NULL,'ClusterManagement-CleanupBackgroundJobs','[]','a49d3bd8-016c-4214-adc4-a7ca5afcbd08',46,'2023-11-14 22:54:17.805000','2023-11-15 09:31:02.492000','2023-11-15 09:31:03.546000','2023-11-15 09:31:03.622000',76,0,NULL,'ClusterManagement-CleanupBackgroundJobs',NULL)
DELETE FROM "system$queuedtask" WHERE "id"=3940649674273675
COMMIT
/*C4*/INSERT INTO "system$queuedtask" VALUES(3940649674282438,1839,'Idle','59651013-f9bc-4fc1-b435-276439b07899','System.ScheduledEventsQueue','ScheduledEvent',NULL,NULL,'ClusterManagement-CleanupOfflineSyncHistory','[]',NULL,NULL,'2023-11-15 09:31:03.600000','2023-11-15 09:36:02.493000',NULL,0,NULL,'ClusterManagement-CleanupOfflineSyncHistory',NULL)
INSERT INTO "system$processedqueuetask" VALUES(13229323905735269,1832,'Completed','59651013-f9bc-4fc1-b435-276439b07899','System.ScheduledEventsQueue','ScheduledEvent',NULL,NULL,'ClusterManagement-CleanupOfflineSyncHistory','[]','a49d3bd8-016c-4214-adc4-a7ca5afcbd08',46,'2023-11-14 22:54:17.805000','2023-11-15 09:31:02.493000','2023-11-15 09:31:03.545000','2023-11-15 09:31:03.622000',77,0,NULL,'ClusterManagement-CleanupOfflineSyncHistory',NULL)
DELETE FROM "system$queuedtask" WHERE "id"=3940649674273880
COMMIT
/*C2*/DELETE FROM "system$queuedtask" WHERE "id"=3940649674274215
DELETE FROM "system$queuedtask" WHERE "id"=3940649674282232
INSERT INTO "system$queuedtask" VALUES(3940649674274215,1835,'Running','59651013-f9bc-4fc1-b435-276439b07899','System.ScheduledEventsQueue','ScheduledEvent',NULL,NULL,'ClusterManagement-UnblockUsers','[]','a49d3bd8-016c-4214-adc4-a7ca5afcbd08',46,'2023-11-14 22:54:21.851000','2023-11-15 09:31:06.493000','2023-11-15 09:31:06.685000',0,NULL,'ClusterManagement-UnblockUsers',NULL)
INSERT INTO "system$queuedtask" VALUES(3940649674282232,1838,'Running','59651013-f9bc-4fc1-b435-276439b07899','System.ScheduledEventsQueue','System',NULL,NULL,'ClusterManagement-PopulateFileDocumentSizes','[]','a49d3bd8-016c-4214-adc4-a7ca5afcbd08',46,'2023-11-15 09:31:01.465000','2023-11-15 09:31:06.447000','2023-11-15 09:31:06.688000',0,'{"interval":3600000,"triesLeft":12,"type":"fixed"}',NULL,NULL)
COMMIT
ALTER SEQUENCE PUBLIC."system$queuedtask_sequence_mxseq" RESTART WITH 1845
/*C4*/INSERT INTO "system$queuedtask" VALUES(3940649674282962,1844,'Idle','59651013-f9bc-4fc1-b435-276439b07899','System.ScheduledEventsQueue','ScheduledEvent',NULL,NULL,'ClusterManagement-UnblockUsers','[]',NULL,NULL,'2023-11-15 09:31:06.711000','2023-11-15 09:36:06.493000',NULL,0,NULL,'ClusterManagement-UnblockUsers',NULL)
INSERT INTO "system$processedqueuetask" VALUES(13229323905735891,1835,'Completed','59651013-f9bc-4fc1-b435-276439b07899','System.ScheduledEventsQueue','ScheduledEvent',NULL,NULL,'ClusterManagement-UnblockUsers','[]','a49d3bd8-016c-4214-adc4-a7ca5afcbd08',46,'2023-11-14 22:54:21.851000','2023-11-15 09:31:06.493000','2023-11-15 09:31:06.685000','2023-11-15 09:31:06.716000',31,0,NULL,'ClusterManagement-UnblockUsers',NULL)
DELETE FROM "system$queuedtask" WHERE "id"=3940649674274215
COMMIT
/*C2*/INSERT INTO "system$processedqueuetask" VALUES(13229323905735967,1838,'Completed','59651013-f9bc-4fc1-b435-276439b07899','System.ScheduledEventsQueue','System',NULL,NULL,'ClusterManagement-PopulateFileDocumentSizes','[]','a49d3bd8-016c-4214-adc4-a7ca5afcbd08',46,'2023-11-15 09:31:01.465000','2023-11-15 09:31:06.447000','2023-11-15 09:31:06.688000','2023-11-15 09:31:06.722000',34,0,NULL,NULL,NULL)
DELETE FROM "system$queuedtask" WHERE "id"=3940649674282232
COMMIT
/*C4*/DELETE FROM "mendixsystem$entityidentifier" WHERE "id"='282e2e60-88a5-469d-84a5-ba8d9151644f'
INSERT INTO "mendixsystem$entityidentifier" VALUES('282e2e60-88a5-469d-84a5-ba8d9151644f',1,1201)
COMMIT
INSERT INTO "system$user" VALUES(281474976851661,'Anonymous_cb52b710-b2d0-4d62-8afe-9d1c1f6a39af','{BCrypt}$2a$10$5hHD6f2U2CeoOFxRd9JFOOwQTZWpbiJwb/sI/1aMlQtDR7pMj5dCK','2023-11-15 09:32:00.490000',FALSE,NULL,TRUE,0,FALSE,TRUE,'2023-11-15 09:32:00.353000','2023-11-15 09:32:00.354000','System.User',NULL,281474976851661)
INSERT INTO "system$userroles" VALUES(281474976851661,9570149208162459)
INSERT INTO "system$user_language" VALUES(281474976851661,14073748835532978)
COMMIT
DELETE FROM "system$user" WHERE "id"=281474976851661
INSERT INTO "system$user" VALUES(281474976851661,'Anonymous_cb52b710-b2d0-4d62-8afe-9d1c1f6a39af','{BCrypt}$2a$10$5hHD6f2U2CeoOFxRd9JFOOwQTZWpbiJwb/sI/1aMlQtDR7pMj5dCK','2023-11-15 09:32:00.536000',FALSE,NULL,TRUE,0,FALSE,TRUE,'2023-11-15 09:32:00.353000','2023-11-15 09:32:00.354000','System.User',NULL,281474976851661)
COMMIT
DELETE FROM "mendixsystem$entityidentifier" WHERE "id"='37f9fd49-5318-4c63-9a51-f761779b202f'
INSERT INTO "mendixsystem$entityidentifier" VALUES('37f9fd49-5318-4c63-9a51-f761779b202f',22,1201)
COMMIT
INSERT INTO "system$session" VALUES(6192449487775463,'9ca1c433-032e-4f7f-bb38-8976f50984de','3ff48c2c-2f40-4e27-b205-5cb5e069b6e0','2023-11-15 09:32:00.609000',FALSE,'7d7301e1-442a-4dd6-b323-b1076c921283',NULL,'2023-11-15 09:32:00.609000')
INSERT INTO "system$session_user" VALUES(6192449487775463,281474976851661)
COMMIT
DELETE FROM "system$session" WHERE "id"=6192449487775463
INSERT INTO "system$session" VALUES(6192449487775463,'9ca1c433-032e-4f7f-bb38-8976f50984de','3ff48c2c-2f40-4e27-b205-5cb5e069b6e0','2023-11-15 09:32:00.626000',FALSE,'7d7301e1-442a-4dd6-b323-b1076c921283',NULL,'2023-11-15 09:32:00.609000')
COMMIT
/*C2*/DELETE FROM "mendixsystem$entityidentifier" WHERE "id"='dfcabae0-cbdd-4f4d-8030-2deabe3ac6c2'
INSERT INTO "mendixsystem$entityidentifier" VALUES('dfcabae0-cbdd-4f4d-8030-2deabe3ac6c2',53,601)
COMMIT
/*C4*/DELETE FROM "mendixsystem$entityidentifier" WHERE "id"='28302c67-31a9-4245-8451-328b3b43eb93'
INSERT INTO "mendixsystem$entityidentifier" VALUES('28302c67-31a9-4245-8451-328b3b43eb93',54,401)
COMMIT
ALTER SEQUENCE PUBLIC."myfirstmodule$registration_number_mxseq" RESTART WITH 6
/*C5*/INSERT INTO "myfirstmodule$registration" VALUES(15199648742413956,5,'2023-11-15 09:32:14.221000',TRUE)
INSERT INTO "myfirstmodule$registration_trainingevent" VALUES(15199648742413956,14918173765664998)
INSERT INTO "myfirstmodule$registration_trainee" VALUES(15199648742413956,12103423998584176)
DELETE FROM "myfirstmodule$trainingevent" WHERE "id"=14918173765664998
INSERT INTO "myfirstmodule$trainingevent" VALUES(14918173765664998,'2023-11-07 22:00:00.000000','2023-11-12 22:00:00.000000',4)
COMMIT
/*C6*/ALTER SEQUENCE PUBLIC."myfirstmodule$registration_number_mxseq" RESTART WITH 7
/*C4*/DELETE FROM "system$session" WHERE "id"=6192449487775463
INSERT INTO "system$session" VALUES(6192449487775463,'9ca1c433-032e-4f7f-bb38-8976f50984de','3ff48c2c-2f40-4e27-b205-5cb5e069b6e0','2023-11-15 09:32:34.037000',FALSE,'7d7301e1-442a-4dd6-b323-b1076c921283',NULL,'2023-11-15 09:32:00.609000')
COMMIT
/*C6*/DELETE FROM "system$queuedtask" WHERE "id"=3940649674274349
INSERT INTO "system$queuedtask" VALUES(3940649674274349,1836,'Running','59651013-f9bc-4fc1-b435-276439b07899','System.ScheduledEventsQueue','ScheduledEvent',NULL,NULL,'ClusterManagement-MigrateOldFiles','[]','a49d3bd8-016c-4214-adc4-a7ca5afcbd08',46,'2023-11-14 22:55:57.800000','2023-11-15 09:32:42.493000','2023-11-15 09:32:42.913000',0,NULL,'ClusterManagement-MigrateOldFiles',NULL)
COMMIT
INSERT INTO "system$queuedtask" VALUES(3940649674283066,1845,'Idle','59651013-f9bc-4fc1-b435-276439b07899','System.ScheduledEventsQueue','ScheduledEvent',NULL,NULL,'ClusterManagement-MigrateOldFiles','[]',NULL,NULL,'2023-11-15 09:32:42.920000','2023-11-15 09:37:42.493000',NULL,0,NULL,'ClusterManagement-MigrateOldFiles',NULL)
INSERT INTO "system$processedqueuetask" VALUES(13229323905736137,1836,'Completed','59651013-f9bc-4fc1-b435-276439b07899','System.ScheduledEventsQueue','ScheduledEvent',NULL,NULL,'ClusterManagement-MigrateOldFiles','[]','a49d3bd8-016c-4214-adc4-a7ca5afcbd08',46,'2023-11-14 22:55:57.800000','2023-11-15 09:32:42.493000','2023-11-15 09:32:42.913000','2023-11-15 09:32:42.924000',11,0,NULL,'ClusterManagement-MigrateOldFiles',NULL)
DELETE FROM "system$queuedtask" WHERE "id"=3940649674274349
COMMIT
/*C4*/ALTER SEQUENCE PUBLIC."system$queuedtask_sequence_mxseq" RESTART WITH 1846
/*C2*/INSERT INTO "myfirstmodule$registration" VALUES(15199648742414103,6,'2023-11-14 09:32:33.984000',TRUE)
INSERT INTO "myfirstmodule$registration_trainingevent" VALUES(15199648742414103,14918173765665098)
INSERT INTO "myfirstmodule$registration_trainee" VALUES(15199648742414103,12103423998558409)
DELETE FROM "myfirstmodule$trainingevent" WHERE "id"=14918173765665098
INSERT INTO "myfirstmodule$trainingevent" VALUES(14918173765665098,'2023-11-14 22:00:00.000000','2023-11-19 22:00:00.000000',1)
COMMIT
/*C3*/ALTER SEQUENCE PUBLIC."myfirstmodule$registration_number_mxseq" RESTART WITH 8
/*C5*/ALTER SEQUENCE PUBLIC."myfirstmodule$registration_number_mxseq" RESTART WITH 9
/*C3*/INSERT INTO "myfirstmodule$registration" VALUES(15199648742414448,8,'2023-11-15 09:33:37.368000',TRUE)
INSERT INTO "myfirstmodule$registration_trainingevent" VALUES(15199648742414448,14918173765716570)
INSERT INTO "myfirstmodule$registration_trainee" VALUES(15199648742414448,12103423998596776)
DELETE FROM "myfirstmodule$trainingevent" WHERE "id"=14918173765716570
INSERT INTO "myfirstmodule$trainingevent" VALUES(14918173765716570,'2023-10-31 22:00:00.000000','2023-11-14 22:00:00.000000',1)
COMMIT
/*C4*/DELETE FROM "system$session" WHERE "id"=6192449487775463
INSERT INTO "system$session" VALUES(6192449487775463,'9ca1c433-032e-4f7f-bb38-8976f50984de','3ff48c2c-2f40-4e27-b205-5cb5e069b6e0','2023-11-15 09:33:48.760000',FALSE,'7d7301e1-442a-4dd6-b323-b1076c921283',NULL,'2023-11-15 09:32:00.609000')
COMMIT
DELETE FROM "system$queuedtask" WHERE "id"=3940649674274474
INSERT INTO "system$queuedtask" VALUES(3940649674274474,1837,'Running','59651013-f9bc-4fc1-b435-276439b07899','System.ScheduledEventsQueue','ScheduledEvent',NULL,NULL,'ClusterManagement-CleanupOrphanedFiles','[]','a49d3bd8-016c-4214-adc4-a7ca5afcbd08',46,'2023-11-14 22:57:37.750000','2023-11-15 09:34:22.493000','2023-11-15 09:34:23.141000',0,NULL,'ClusterManagement-CleanupOrphanedFiles',NULL)
COMMIT
ALTER SEQUENCE PUBLIC."system$queuedtask_sequence_mxseq" RESTART WITH 1847
INSERT INTO "system$queuedtask" VALUES(3940649674283232,1846,'Idle','59651013-f9bc-4fc1-b435-276439b07899','System.ScheduledEventsQueue','ScheduledEvent',NULL,NULL,'ClusterManagement-CleanupOrphanedFiles','[]',NULL,NULL,'2023-11-15 09:34:23.161000','2023-11-15 09:39:22.493000',NULL,0,NULL,'ClusterManagement-CleanupOrphanedFiles',NULL)
INSERT INTO "system$processedqueuetask" VALUES(13229323905736251,1837,'Completed','59651013-f9bc-4fc1-b435-276439b07899','System.ScheduledEventsQueue','ScheduledEvent',NULL,NULL,'ClusterManagement-CleanupOrphanedFiles','[]','a49d3bd8-016c-4214-adc4-a7ca5afcbd08',46,'2023-11-14 22:57:37.750000','2023-11-15 09:34:22.493000','2023-11-15 09:34:23.141000','2023-11-15 09:34:23.164000',23,0,NULL,'ClusterManagement-CleanupOrphanedFiles',NULL)
DELETE FROM "system$queuedtask" WHERE "id"=3940649674274474
COMMIT
